<?xml version="1.0" encoding="UTF-8"?>
<testng-results ignored="0" total="1" passed="1" failed="0" skipped="0">
  <reporter-output>
  </reporter-output>
  <suite started-at="2023-01-11T17:58:01 MSK" name="WebDriverTests" finished-at="2023-01-11T17:58:15 MSK" duration-ms="13731">
    <groups>
    </groups>
    <test started-at="2023-01-11T17:58:01 MSK" name="Smoke Test" finished-at="2023-01-11T17:58:15 MSK" duration-ms="13731">
      <class name="WebDriverSeleniumHQ">
        <test-method signature="commonVerifingPages()[pri:0, instance:WebDriverSeleniumHQ@68567e20]" started-at="2023-01-11T17:58:01 MSK" name="commonVerifingPages" finished-at="2023-01-11T17:58:14 MSK" duration-ms="13658" status="PASS">
          <reporter-output>
          </reporter-output>
        </test-method> <!-- commonVerifingPages -->
      </class> <!-- WebDriverSeleniumHQ -->
    </test> <!-- Smoke Test -->
  </suite> <!-- WebDriverTests -->
</testng-results>
