<?xml version="1.0" encoding="UTF-8"?>
<testng-results ignored="0" total="1" passed="1" failed="0" skipped="0">
  <reporter-output>
  </reporter-output>
  <suite started-at="2023-01-17T19:30:02 MSK" name="WebDriverTests" finished-at="2023-01-17T19:30:06 MSK" duration-ms="3812">
    <groups>
    </groups>
    <test started-at="2023-01-17T19:30:02 MSK" name="Smoke Test" finished-at="2023-01-17T19:30:06 MSK" duration-ms="3812">
      <class name="pageobject_model.test.HelloWebDriver">
        <test-method is-config="true" signature="browserSetup()[pri:0, instance:pageobject_model.test.HelloWebDriver@68809cc7]" started-at="2023-01-17T19:30:02 MSK" name="browserSetup" finished-at="2023-01-17T19:30:03 MSK" duration-ms="974" status="PASS">
          <reporter-output>
          </reporter-output>
        </test-method> <!-- browserSetup -->
        <test-method signature="HomePageTest()[pri:0, instance:pageobject_model.test.HelloWebDriver@68809cc7]" started-at="2023-01-17T19:30:03 MSK" name="HomePageTest" finished-at="2023-01-17T19:30:05 MSK" duration-ms="2048" status="PASS">
          <reporter-output>
          </reporter-output>
        </test-method> <!-- HomePageTest -->
        <test-method is-config="true" signature="closeDriver()[pri:0, instance:pageobject_model.test.HelloWebDriver@68809cc7]" started-at="2023-01-17T19:30:05 MSK" name="closeDriver" finished-at="2023-01-17T19:30:06 MSK" duration-ms="761" status="PASS">
          <reporter-output>
          </reporter-output>
        </test-method> <!-- closeDriver -->
      </class> <!-- pageobject_model.test.HelloWebDriver -->
    </test> <!-- Smoke Test -->
  </suite> <!-- WebDriverTests -->
</testng-results>
