<?xml version="1.0" encoding="UTF-8"?>
<!-- Generated by org.testng.reporters.JUnitXMLReporter -->
<testsuite ignored="0" hostname="wse-108-74" failures="0" tests="1" name="Smoke Test" time="0.029" errors="0" timestamp="2023-03-02T20:04:08 MSK">
  <testcase classname="pageobject_model.test.WebDriverOnliner" name="@BeforeMethod browserSetup" time="0.004">
    <failure type="java.lang.NullPointerException" message="inStream parameter is null">
      <![CDATA[java.lang.NullPointerException: inStream parameter is null
at java.base/java.util.Objects.requireNonNull(Objects.java:233)
at java.base/java.util.Properties.load(Properties.java:407)
at pageobject_model.test.WebDriverOnliner.browserSetup(WebDriverOnliner.java:28)
at java.base/java.util.ArrayList.forEach(ArrayList.java:1511)
... Removed 35 stack frames]]>
    </failure>
  </testcase> <!-- @BeforeMethod browserSetup -->
  <testcase classname="pageobject_model.test.WebDriverOnliner" name="HomePageTest" time="0.001">
    <skipped/>
  </testcase> <!-- HomePageTest -->
</testsuite> <!-- Smoke Test -->
